mode: set
SecureSyncDrive/pkg/extract/extract.go:13.39,16.16 2 1
SecureSyncDrive/pkg/extract/extract.go:16.16,18.3 1 0
SecureSyncDrive/pkg/extract/extract.go:19.2,23.6 3 1
SecureSyncDrive/pkg/extract/extract.go:23.6,25.20 2 1
SecureSyncDrive/pkg/extract/extract.go:25.20,26.9 1 1
SecureSyncDrive/pkg/extract/extract.go:28.3,28.17 1 1
SecureSyncDrive/pkg/extract/extract.go:28.17,30.4 1 0
SecureSyncDrive/pkg/extract/extract.go:32.3,32.26 1 1
SecureSyncDrive/pkg/extract/extract.go:33.20,34.77 1 0
SecureSyncDrive/pkg/extract/extract.go:34.77,36.5 1 0
SecureSyncDrive/pkg/extract/extract.go:37.20,38.71 1 1
SecureSyncDrive/pkg/extract/extract.go:38.71,40.5 1 0
SecureSyncDrive/pkg/extract/extract.go:41.4,42.18 2 1
SecureSyncDrive/pkg/extract/extract.go:42.18,44.5 1 0
SecureSyncDrive/pkg/extract/extract.go:45.4,46.57 2 1
SecureSyncDrive/pkg/extract/extract.go:46.57,48.5 1 0
SecureSyncDrive/pkg/extract/extract.go:49.11,50.74 1 0
SecureSyncDrive/pkg/extract/extract.go:53.2,53.12 1 1
SecureSyncDrive/pkg/encrypt/encrypt.go:17.36,21.16 4 0
SecureSyncDrive/pkg/encrypt/encrypt.go:21.16,23.3 1 0
SecureSyncDrive/pkg/encrypt/encrypt.go:24.2,25.17 2 0
SecureSyncDrive/pkg/encrypt/encrypt.go:28.49,32.29 4 1
SecureSyncDrive/pkg/encrypt/encrypt.go:32.29,33.45 1 1
SecureSyncDrive/pkg/encrypt/encrypt.go:33.45,35.4 1 1
SecureSyncDrive/pkg/encrypt/encrypt.go:37.2,37.20 1 1
SecureSyncDrive/pkg/encrypt/encrypt.go:41.64,43.16 2 1
SecureSyncDrive/pkg/encrypt/encrypt.go:43.16,45.3 1 0
SecureSyncDrive/pkg/encrypt/encrypt.go:47.2,48.16 2 1
SecureSyncDrive/pkg/encrypt/encrypt.go:48.16,50.3 1 0
SecureSyncDrive/pkg/encrypt/encrypt.go:52.2,54.31 2 1
SecureSyncDrive/pkg/encrypt/encrypt.go:54.31,56.3 1 1
SecureSyncDrive/pkg/encrypt/encrypt.go:57.2,57.17 1 1
SecureSyncDrive/pkg/encrypt/encrypt.go:60.104,63.16 2 1
SecureSyncDrive/pkg/encrypt/encrypt.go:63.16,66.3 2 1
SecureSyncDrive/pkg/encrypt/encrypt.go:68.2,69.16 2 1
SecureSyncDrive/pkg/encrypt/encrypt.go:69.16,71.3 1 0
SecureSyncDrive/pkg/encrypt/encrypt.go:72.2,76.16 3 1
SecureSyncDrive/pkg/encrypt/encrypt.go:76.16,78.3 1 0
SecureSyncDrive/pkg/encrypt/encrypt.go:83.2,84.16 2 1
SecureSyncDrive/pkg/encrypt/encrypt.go:84.16,86.3 1 0
SecureSyncDrive/pkg/encrypt/encrypt.go:87.2,90.16 3 1
SecureSyncDrive/pkg/encrypt/encrypt.go:90.16,92.3 1 0
SecureSyncDrive/pkg/encrypt/encrypt.go:95.2,96.56 2 1
SecureSyncDrive/pkg/encrypt/encrypt.go:96.56,98.3 1 0
SecureSyncDrive/pkg/encrypt/encrypt.go:101.2,101.58 1 1
SecureSyncDrive/pkg/encrypt/encrypt.go:101.58,103.3 1 0
SecureSyncDrive/pkg/encrypt/encrypt.go:106.2,111.6 4 1
SecureSyncDrive/pkg/encrypt/encrypt.go:111.6,114.34 2 1
SecureSyncDrive/pkg/encrypt/encrypt.go:114.34,116.4 1 0
SecureSyncDrive/pkg/encrypt/encrypt.go:117.3,117.13 1 1
SecureSyncDrive/pkg/encrypt/encrypt.go:117.13,118.9 1 1
SecureSyncDrive/pkg/encrypt/encrypt.go:122.3,127.67 3 1
SecureSyncDrive/pkg/encrypt/encrypt.go:127.67,129.4 1 0
SecureSyncDrive/pkg/encrypt/encrypt.go:132.2,132.12 1 1
SecureSyncDrive/pkg/encrypt/encrypt.go:135.45,139.2 3 1
SecureSyncDrive/pkg/encrypt/encrypt.go:142.56,144.17 2 0
SecureSyncDrive/pkg/encrypt/encrypt.go:144.17,146.3 1 0
SecureSyncDrive/pkg/encrypt/encrypt.go:148.2,149.55 2 0
SecureSyncDrive/pkg/encrypt/encrypt.go:149.55,151.3 1 0
SecureSyncDrive/pkg/encrypt/encrypt.go:153.2,153.47 1 0
SecureSyncDrive/pkg/encrypt/encrypt.go:153.47,154.19 1 0
SecureSyncDrive/pkg/encrypt/encrypt.go:154.19,156.4 1 0
SecureSyncDrive/pkg/encrypt/encrypt.go:159.2,159.40 1 0
SecureSyncDrive/pkg/archive/archive.go:17.45,22.33 4 1
SecureSyncDrive/pkg/archive/archive.go:22.33,24.3 1 0
SecureSyncDrive/pkg/archive/archive.go:25.2,25.16 1 1
SecureSyncDrive/pkg/archive/archive.go:25.16,27.3 1 0
SecureSyncDrive/pkg/archive/archive.go:30.2,31.16 2 1
SecureSyncDrive/pkg/archive/archive.go:31.16,34.3 2 0
SecureSyncDrive/pkg/archive/archive.go:36.2,39.19 3 1
SecureSyncDrive/pkg/archive/archive.go:39.19,42.3 1 0
SecureSyncDrive/pkg/archive/archive.go:43.2,43.16 1 1
SecureSyncDrive/pkg/archive/archive.go:43.16,45.3 1 1
SecureSyncDrive/pkg/archive/archive.go:48.2,48.18 1 1
SecureSyncDrive/pkg/archive/archive.go:52.65,54.16 2 1
SecureSyncDrive/pkg/archive/archive.go:54.16,56.3 1 0
SecureSyncDrive/pkg/archive/archive.go:57.2,66.71 6 1
SecureSyncDrive/pkg/archive/archive.go:66.71,68.3 1 0
SecureSyncDrive/pkg/archive/archive.go:69.2,69.12 1 1
SecureSyncDrive/pkg/archive/archive.go:72.84,74.16 2 1
SecureSyncDrive/pkg/archive/archive.go:74.16,76.3 1 0
SecureSyncDrive/pkg/archive/archive.go:77.2,80.16 3 1
SecureSyncDrive/pkg/archive/archive.go:80.16,82.3 1 0
SecureSyncDrive/pkg/archive/archive.go:83.2,84.16 2 1
SecureSyncDrive/pkg/archive/archive.go:84.16,86.3 1 0
SecureSyncDrive/pkg/archive/archive.go:88.2,90.54 2 1
SecureSyncDrive/pkg/archive/archive.go:90.54,92.3 1 0
SecureSyncDrive/pkg/archive/archive.go:95.2,96.12 2 1
SecureSyncDrive/pkg/archive/archive.go:99.75,101.16 2 1
SecureSyncDrive/pkg/archive/archive.go:101.16,103.3 1 0
SecureSyncDrive/pkg/archive/archive.go:104.2,108.16 3 1
SecureSyncDrive/pkg/archive/archive.go:108.16,111.3 2 0
SecureSyncDrive/pkg/archive/archive.go:114.2,114.23 1 1
SecureSyncDrive/pkg/archive/archive.go:114.23,117.3 2 0
SecureSyncDrive/pkg/archive/archive.go:120.2,121.16 2 1
SecureSyncDrive/pkg/archive/archive.go:121.16,123.3 1 0
SecureSyncDrive/pkg/archive/archive.go:125.2,125.29 1 1
SecureSyncDrive/pkg/archive/archive.go:125.29,130.19 3 1
SecureSyncDrive/pkg/archive/archive.go:130.19,131.68 1 1
SecureSyncDrive/pkg/archive/archive.go:131.68,133.5 1 0
SecureSyncDrive/pkg/archive/archive.go:134.9,135.69 1 1
SecureSyncDrive/pkg/archive/archive.go:135.69,137.5 1 0
SecureSyncDrive/pkg/archive/archive.go:141.2,141.12 1 1
SecureSyncDrive/pkg/list_files/list_files.go:32.76,34.29 2 1
SecureSyncDrive/pkg/list_files/list_files.go:34.29,36.3 1 1
SecureSyncDrive/pkg/list_files/list_files.go:37.2,37.12 1 1
SecureSyncDrive/pkg/list_files/list_files.go:40.104,43.44 1 1
SecureSyncDrive/pkg/list_files/list_files.go:43.44,45.3 1 0
SecureSyncDrive/pkg/list_files/list_files.go:46.2,52.16 4 1
SecureSyncDrive/pkg/list_files/list_files.go:52.16,54.3 1 0
SecureSyncDrive/pkg/list_files/list_files.go:55.2,56.19 2 1
SecureSyncDrive/pkg/list_files/list_files.go:56.19,58.3 1 0
SecureSyncDrive/pkg/list_files/list_files.go:59.3,61.16 3 1
SecureSyncDrive/pkg/list_files/list_files.go:61.16,63.3 1 0
SecureSyncDrive/pkg/list_files/list_files.go:65.2,65.35 1 1
SecureSyncDrive/pkg/list_files/list_files.go:68.62,69.52 1 1
SecureSyncDrive/pkg/list_files/list_files.go:69.52,69.66 1 1
SecureSyncDrive/pkg/sync/sync.go:22.53,25.2 2 0
SecureSyncDrive/pkg/sync/sync.go:28.70,29.44 1 1
SecureSyncDrive/pkg/sync/sync.go:29.44,31.3 1 0
SecureSyncDrive/pkg/sync/sync.go:34.2,42.16 4 1
SecureSyncDrive/pkg/sync/sync.go:42.16,44.3 1 0
SecureSyncDrive/pkg/sync/sync.go:45.2,49.19 4 1
SecureSyncDrive/pkg/sync/sync.go:49.19,51.3 1 0
SecureSyncDrive/pkg/sync/sync.go:51.8,53.3 1 1
SecureSyncDrive/pkg/sync/sync.go:54.2,56.12 3 1
SecureSyncDrive/pkg/sync/sync.go:60.107,61.71 1 1
SecureSyncDrive/pkg/sync/sync.go:61.71,63.3 1 0
SecureSyncDrive/pkg/sync/sync.go:64.2,64.12 1 1
SecureSyncDrive/pkg/sync/sync.go:68.112,69.74 1 1
SecureSyncDrive/pkg/sync/sync.go:69.74,71.3 1 0
SecureSyncDrive/pkg/sync/sync.go:72.2,72.12 1 1
