mode: set
SecureSyncDrive/pkg/extract/extract.go:13.39,16.16 2 1
SecureSyncDrive/pkg/extract/extract.go:16.16,18.3 1 0
SecureSyncDrive/pkg/extract/extract.go:19.2,23.6 3 1
SecureSyncDrive/pkg/extract/extract.go:23.6,25.20 2 1
SecureSyncDrive/pkg/extract/extract.go:25.20,26.9 1 1
SecureSyncDrive/pkg/extract/extract.go:28.3,28.17 1 1
SecureSyncDrive/pkg/extract/extract.go:28.17,30.4 1 0
SecureSyncDrive/pkg/extract/extract.go:32.3,32.26 1 1
SecureSyncDrive/pkg/extract/extract.go:33.20,34.77 1 0
SecureSyncDrive/pkg/extract/extract.go:34.77,36.5 1 0
SecureSyncDrive/pkg/extract/extract.go:37.20,38.71 1 1
SecureSyncDrive/pkg/extract/extract.go:38.71,40.5 1 0
SecureSyncDrive/pkg/extract/extract.go:41.4,42.18 2 1
SecureSyncDrive/pkg/extract/extract.go:42.18,44.5 1 0
SecureSyncDrive/pkg/extract/extract.go:45.4,46.57 2 1
SecureSyncDrive/pkg/extract/extract.go:46.57,48.5 1 0
SecureSyncDrive/pkg/extract/extract.go:49.11,50.74 1 0
SecureSyncDrive/pkg/extract/extract.go:53.2,53.12 1 1
SecureSyncDrive/pkg/archive/archive.go:17.45,22.33 4 1
SecureSyncDrive/pkg/archive/archive.go:22.33,24.3 1 0
SecureSyncDrive/pkg/archive/archive.go:25.2,25.16 1 1
SecureSyncDrive/pkg/archive/archive.go:25.16,27.3 1 0
SecureSyncDrive/pkg/archive/archive.go:30.2,31.16 2 1
SecureSyncDrive/pkg/archive/archive.go:31.16,34.3 2 0
SecureSyncDrive/pkg/archive/archive.go:36.2,39.19 3 1
SecureSyncDrive/pkg/archive/archive.go:39.19,42.3 1 0
SecureSyncDrive/pkg/archive/archive.go:43.2,43.16 1 1
SecureSyncDrive/pkg/archive/archive.go:43.16,45.3 1 1
SecureSyncDrive/pkg/archive/archive.go:48.2,48.18 1 1
SecureSyncDrive/pkg/archive/archive.go:52.65,54.16 2 1
SecureSyncDrive/pkg/archive/archive.go:54.16,56.3 1 0
SecureSyncDrive/pkg/archive/archive.go:57.2,66.71 6 1
SecureSyncDrive/pkg/archive/archive.go:66.71,68.3 1 0
SecureSyncDrive/pkg/archive/archive.go:69.2,69.12 1 1
SecureSyncDrive/pkg/archive/archive.go:72.84,74.16 2 1
SecureSyncDrive/pkg/archive/archive.go:74.16,76.3 1 0
SecureSyncDrive/pkg/archive/archive.go:77.2,80.16 3 1
SecureSyncDrive/pkg/archive/archive.go:80.16,82.3 1 0
SecureSyncDrive/pkg/archive/archive.go:83.2,84.16 2 1
SecureSyncDrive/pkg/archive/archive.go:84.16,86.3 1 0
SecureSyncDrive/pkg/archive/archive.go:88.2,90.54 2 1
SecureSyncDrive/pkg/archive/archive.go:90.54,92.3 1 0
SecureSyncDrive/pkg/archive/archive.go:95.2,96.12 2 1
SecureSyncDrive/pkg/archive/archive.go:99.75,101.16 2 1
SecureSyncDrive/pkg/archive/archive.go:101.16,103.3 1 0
SecureSyncDrive/pkg/archive/archive.go:104.2,108.16 3 1
SecureSyncDrive/pkg/archive/archive.go:108.16,111.3 2 0
SecureSyncDrive/pkg/archive/archive.go:114.2,114.23 1 1
SecureSyncDrive/pkg/archive/archive.go:114.23,117.3 2 0
SecureSyncDrive/pkg/archive/archive.go:120.2,121.16 2 1
SecureSyncDrive/pkg/archive/archive.go:121.16,123.3 1 0
SecureSyncDrive/pkg/archive/archive.go:125.2,125.29 1 1
SecureSyncDrive/pkg/archive/archive.go:125.29,130.19 3 1
SecureSyncDrive/pkg/archive/archive.go:130.19,131.68 1 1
SecureSyncDrive/pkg/archive/archive.go:131.68,133.5 1 0
SecureSyncDrive/pkg/archive/archive.go:134.9,135.69 1 1
SecureSyncDrive/pkg/archive/archive.go:135.69,137.5 1 0
SecureSyncDrive/pkg/archive/archive.go:141.2,141.12 1 1
SecureSyncDrive/pkg/encrypt/encrypt.go:18.36,22.16 4 0
SecureSyncDrive/pkg/encrypt/encrypt.go:22.16,24.3 1 0
SecureSyncDrive/pkg/encrypt/encrypt.go:25.2,26.17 2 0
SecureSyncDrive/pkg/encrypt/encrypt.go:29.49,33.29 4 1
SecureSyncDrive/pkg/encrypt/encrypt.go:33.29,34.45 1 1
SecureSyncDrive/pkg/encrypt/encrypt.go:34.45,36.4 1 1
SecureSyncDrive/pkg/encrypt/encrypt.go:38.2,38.20 1 1
SecureSyncDrive/pkg/encrypt/encrypt.go:42.64,44.16 2 1
SecureSyncDrive/pkg/encrypt/encrypt.go:44.16,46.3 1 0
SecureSyncDrive/pkg/encrypt/encrypt.go:48.2,49.16 2 1
SecureSyncDrive/pkg/encrypt/encrypt.go:49.16,51.3 1 0
SecureSyncDrive/pkg/encrypt/encrypt.go:53.2,55.31 2 1
SecureSyncDrive/pkg/encrypt/encrypt.go:55.31,57.3 1 1
SecureSyncDrive/pkg/encrypt/encrypt.go:58.2,58.17 1 1
SecureSyncDrive/pkg/encrypt/encrypt.go:61.104,64.16 2 1
SecureSyncDrive/pkg/encrypt/encrypt.go:64.16,67.3 2 1
SecureSyncDrive/pkg/encrypt/encrypt.go:69.2,70.16 2 1
SecureSyncDrive/pkg/encrypt/encrypt.go:70.16,72.3 1 0
SecureSyncDrive/pkg/encrypt/encrypt.go:73.2,77.16 3 1
SecureSyncDrive/pkg/encrypt/encrypt.go:77.16,79.3 1 0
SecureSyncDrive/pkg/encrypt/encrypt.go:84.2,85.16 2 1
SecureSyncDrive/pkg/encrypt/encrypt.go:85.16,87.3 1 0
SecureSyncDrive/pkg/encrypt/encrypt.go:88.2,91.16 3 1
SecureSyncDrive/pkg/encrypt/encrypt.go:91.16,93.3 1 0
SecureSyncDrive/pkg/encrypt/encrypt.go:96.2,97.56 2 1
SecureSyncDrive/pkg/encrypt/encrypt.go:97.56,99.3 1 0
SecureSyncDrive/pkg/encrypt/encrypt.go:102.2,102.58 1 1
SecureSyncDrive/pkg/encrypt/encrypt.go:102.58,104.3 1 0
SecureSyncDrive/pkg/encrypt/encrypt.go:107.2,112.6 4 1
SecureSyncDrive/pkg/encrypt/encrypt.go:112.6,115.34 2 1
SecureSyncDrive/pkg/encrypt/encrypt.go:115.34,117.4 1 0
SecureSyncDrive/pkg/encrypt/encrypt.go:118.3,118.13 1 1
SecureSyncDrive/pkg/encrypt/encrypt.go:118.13,119.9 1 1
SecureSyncDrive/pkg/encrypt/encrypt.go:123.3,128.67 3 1
SecureSyncDrive/pkg/encrypt/encrypt.go:128.67,130.4 1 0
SecureSyncDrive/pkg/encrypt/encrypt.go:133.2,133.12 1 1
SecureSyncDrive/pkg/encrypt/encrypt.go:136.45,140.2 3 1
SecureSyncDrive/pkg/encrypt/encrypt.go:143.56,145.17 2 0
SecureSyncDrive/pkg/encrypt/encrypt.go:145.17,147.3 1 0
SecureSyncDrive/pkg/encrypt/encrypt.go:149.2,150.55 2 0
SecureSyncDrive/pkg/encrypt/encrypt.go:150.55,152.3 1 0
SecureSyncDrive/pkg/encrypt/encrypt.go:154.2,154.47 1 0
SecureSyncDrive/pkg/encrypt/encrypt.go:154.47,155.19 1 0
SecureSyncDrive/pkg/encrypt/encrypt.go:155.19,157.4 1 0
SecureSyncDrive/pkg/encrypt/encrypt.go:160.2,160.40 1 0
SecureSyncDrive/pkg/sync/sync.go:23.73,25.2 1 0
SecureSyncDrive/pkg/sync/sync.go:26.44,29.2 2 0
SecureSyncDrive/pkg/sync/sync.go:36.42,39.2 2 0
SecureSyncDrive/pkg/sync/sync.go:42.59,43.44 1 1
SecureSyncDrive/pkg/sync/sync.go:43.44,45.3 1 0
SecureSyncDrive/pkg/sync/sync.go:48.2,56.16 4 1
SecureSyncDrive/pkg/sync/sync.go:56.16,58.3 1 0
SecureSyncDrive/pkg/sync/sync.go:59.2,63.19 4 1
SecureSyncDrive/pkg/sync/sync.go:63.19,65.3 1 0
SecureSyncDrive/pkg/sync/sync.go:65.8,67.3 1 1
SecureSyncDrive/pkg/sync/sync.go:68.2,70.12 3 1
SecureSyncDrive/pkg/sync/sync.go:74.96,75.71 1 1
SecureSyncDrive/pkg/sync/sync.go:75.71,77.3 1 0
SecureSyncDrive/pkg/sync/sync.go:78.2,78.12 1 1
SecureSyncDrive/pkg/sync/sync.go:82.101,83.74 1 1
SecureSyncDrive/pkg/sync/sync.go:83.74,85.3 1 0
SecureSyncDrive/pkg/sync/sync.go:86.2,86.12 1 1
